<?xml version="1.0" encoding="UTF-8"?>
<!-- Generated by org.testng.reporters.JUnitReportReporter -->
<testsuite hostname="C02HG5W5Q6L5" failures="0" tests="2" name="Wipro.Tests.ErrorValidation" time="57.595" errors="0" timestamp="2024-07-08T15:59:14 IST" skipped="0">
  <testcase classname="Wipro.Tests.ErrorValidation" name="LoginValidation" time="18.429"/>
  <system-out/>
  <testcase classname="Wipro.Tests.ErrorValidation" name="OrderValidation" time="39.166"/>
  <system-out/>
</testsuite> <!-- Wipro.Tests.ErrorValidation -->
