<?xml version="1.0" encoding="UTF-8"?>
<!-- Generated by org.testng.reporters.JUnitReportReporter -->
<testsuite hostname="C02HG5W5Q6L5" failures="0" tests="1" name="Wipro.TestComponents.ReadDataExcel" time="0.915" errors="0" timestamp="2024-06-12T11:05:42 IST" skipped="0">
  <testcase classname="Wipro.TestComponents.ReadDataExcel" name="getData" time="0.915"/>
  <system-out/>
</testsuite> <!-- Wipro.TestComponents.ReadDataExcel -->
