<?xml version="1.0" encoding="UTF-8"?>
<!-- Generated by org.testng.reporters.JUnitReportReporter -->
<testsuite hostname="C02HG5W5Q6L5" failures="0" tests="4" name="Wipro.Tests.EndToEndTest" time="129.653" errors="0" timestamp="2024-07-12T12:09:29 IST" skipped="0">
  <testcase classname="Wipro.Tests.EndToEndTest" name="orderHistory" time="21.712"/>
  <system-out/>
  <testcase classname="Wipro.Tests.EndToEndTest" name="OrderProduct" time="41.079"/>
  <system-out/>
  <testcase classname="Wipro.Tests.EndToEndTest" name="orderHistory" time="21.551"/>
  <system-out/>
  <testcase classname="Wipro.Tests.EndToEndTest" name="OrderProduct" time="45.311"/>
  <system-out/>
</testsuite> <!-- Wipro.Tests.EndToEndTest -->
